<?xml version="1.0" encoding="UTF-8"?>
<TestRun id="cd7b220d-c45b-4c58-a678-d6d4ea8c4ec3" name="ChrisO@CHRISORTMAN 2010-05-21 09:18:51" runUser="INNSYS\ChrisO" xmlns="http://microsoft.com/schemas/VisualStudio/TeamTest/2010">
  <TestSettings name="Local" id="0aba6468-b473-456a-a922-b5a74a61eff7">
    <Description>These are default test settings for a local test run.</Description>
    <Deployment enabled="false" runDeploymentRoot="ChrisO_CHRISORTMAN 2010-05-21 09_18_51">
      <DeploymentItem filename="C:\OSS\MvcIntegrationTest\src\MvcIntegrationTestFramework\bin\Debug\MvcIntegrationTestFramework.dll" />
    </Deployment>
    <Execution>
      <TestTypeSpecific />
      <AgentRule name="Execution Agents">
      </AgentRule>
    </Execution>
  </TestSettings>
  <Times creation="2010-05-21T09:18:51.3060077-05:00" queuing="2010-05-21T09:18:52.8501621-05:00" start="2010-05-21T09:18:52.9381709-05:00" finish="2010-05-21T09:18:54.0752846-05:00" />
  <ResultSummary outcome="Failed">
    <Counters total="1" executed="1" error="0" failed="1" timeout="0" aborted="0" inconclusive="0" passedButRunAborted="0" notRunnable="0" notExecuted="0" disconnected="0" warning="0" passed="0" completed="0" inProgress="0" pending="0" />
  </ResultSummary>
  <TestDefinitions>
    <UnitTest name="TestMethod1" storage="c:\oss\mvcintegrationtest\example.mstest\bin\debug\example.mstest.dll" id="5ac826d5-b154-0517-8852-6be0168b0a57">
      <Execution id="05a0fba8-409b-4210-8323-92797063cc96" />
      <TestMethod codeBase="C:/OSS/MvcIntegrationTest/Example.MsTest/bin/Debug/Example.MsTest.DLL" adapterTypeName="Microsoft.VisualStudio.TestTools.TestTypes.Unit.UnitTestAdapter, Microsoft.VisualStudio.QualityTools.Tips.UnitTest.Adapter, Version=10.0.0.0, Culture=neutral, PublicKeyToken=b03f5f7f11d50a3a" className="Example.MsTest.UnitTest1, Example.MsTest, Version=1.0.0.0, Culture=neutral, PublicKeyToken=null" name="TestMethod1" />
    </UnitTest>
  </TestDefinitions>
  <TestLists>
    <TestList name="Results Not in a List" id="8c84fa94-04c1-424b-9868-57a2d4851a1d" />
    <TestList name="All Loaded Results" id="19431567-8539-422a-85d7-44ee4e166bda" />
  </TestLists>
  <TestEntries>
    <TestEntry testId="5ac826d5-b154-0517-8852-6be0168b0a57" executionId="05a0fba8-409b-4210-8323-92797063cc96" testListId="8c84fa94-04c1-424b-9868-57a2d4851a1d" />
  </TestEntries>
  <Results>
    <UnitTestResult executionId="05a0fba8-409b-4210-8323-92797063cc96" testId="5ac826d5-b154-0517-8852-6be0168b0a57" testName="TestMethod1" computerName="CHRISORTMAN" duration="00:00:00.1242333" startTime="2010-05-21T09:18:53.0531824-05:00" endTime="2010-05-21T09:18:54.0232794-05:00" testType="13cdc9d9-ddb5-4fa4-a97d-d965ccfc6d4b" outcome="Failed" testListId="8c84fa94-04c1-424b-9868-57a2d4851a1d" relativeResultsDirectory="05a0fba8-409b-4210-8323-92797063cc96">
      <Output>
        <ErrorInfo>
          <Message>Initialization method Example.MsTest.UnitTest1.Setup threw exception. System.NullReferenceException: System.NullReferenceException: Object reference not set to an instance of an object..</Message>
          <StackTrace>    at System.Web.Util.StringUtil.StringEndsWith(String s, Char c)
   at System.Web.Hosting.ApplicationHost.CreateApplicationHost(Type hostType, String virtualDir, String physicalDir)
   at MvcIntegrationTestFramework.Hosting.AppHost..ctor(String appPhysicalDirectory, String virtualDirectory) in C:\OSS\MvcIntegrationTest\src\MvcIntegrationTestFramework\Hosting\AppHost.cs:line 28
   at MvcIntegrationTestFramework.MvcControllerTest.InitializeAspNetRuntime(String pathToYourWebProject) in C:\OSS\MvcIntegrationTest\src\MvcIntegrationTestFramework\MvcIntegrationTest.cs:line 55
   at Example.MsTest.UnitTest1.Setup() in C:\OSS\MvcIntegrationTest\Example.MsTest\UnitTest1.cs:line 25
</StackTrace>
        </ErrorInfo>
      </Output>
    </UnitTestResult>
  </Results>
</TestRun>